{'task_type': 'classification', 'experts': {'expert': {'in_features': 57, 'hidden_size': 16}, 'epoch': 2, 'lr': 0.01}, 'num_experts': 6, 'output_dir': 'spambase_outputs', 'experts_advice': {'type': 'static', 'alpha': 0.2, 'lr': 0.01}}
epoch 0, expert with 1 num_layers, eval acc 0.6087
epoch 1, expert with 1 num_layers, eval acc 0.6087
epoch 0, expert with 2 num_layers, eval acc 0.65
epoch 1, expert with 2 num_layers, eval acc 0.662
epoch 0, expert with 3 num_layers, eval acc 0.638
epoch 1, expert with 3 num_layers, eval acc 0.6391
epoch 0, expert with 4 num_layers, eval acc 0.6185
epoch 1, expert with 4 num_layers, eval acc 0.6207
epoch 0, expert with 5 num_layers, eval acc 0.6087
epoch 1, expert with 5 num_layers, eval acc 0.6087
epoch 0, expert with 6 num_layers, eval acc 0.6033
epoch 1, expert with 6 num_layers, eval acc 0.6054
==========================================================
[Expert(
  (input_layer): Sequential(
    (0): Linear(in_features=57, out_features=1, bias=True)
    (1): ReLU()
  )
  (output_layer): Identity()
  (layers): ModuleList()
), Expert(
  (input_layer): Sequential(
    (0): Linear(in_features=57, out_features=16, bias=True)
    (1): ReLU()
  )
  (output_layer): Linear(in_features=16, out_features=1, bias=True)
  (layers): ModuleList()
), Expert(
  (input_layer): Sequential(
    (0): Linear(in_features=57, out_features=16, bias=True)
    (1): ReLU()
  )
  (output_layer): Linear(in_features=16, out_features=1, bias=True)
  (layers): ModuleList(
    (0): Linear(in_features=16, out_features=16, bias=True)
    (1): ReLU()
  )
), Expert(
  (input_layer): Sequential(
    (0): Linear(in_features=57, out_features=16, bias=True)
    (1): ReLU()
  )
  (output_layer): Linear(in_features=16, out_features=1, bias=True)
  (layers): ModuleList(
    (0): Linear(in_features=16, out_features=16, bias=True)
    (1): ReLU()
    (2): Linear(in_features=16, out_features=16, bias=True)
    (3): ReLU()
  )
), Expert(
  (input_layer): Sequential(
    (0): Linear(in_features=57, out_features=16, bias=True)
    (1): ReLU()
  )
  (output_layer): Linear(in_features=16, out_features=1, bias=True)
  (layers): ModuleList(
    (0): Linear(in_features=16, out_features=16, bias=True)
    (1): ReLU()
    (2): Linear(in_features=16, out_features=16, bias=True)
    (3): ReLU()
    (4): Linear(in_features=16, out_features=16, bias=True)
    (5): ReLU()
  )
), Expert(
  (input_layer): Sequential(
    (0): Linear(in_features=57, out_features=16, bias=True)
    (1): ReLU()
  )
  (output_layer): Linear(in_features=16, out_features=1, bias=True)
  (layers): ModuleList(
    (0): Linear(in_features=16, out_features=16, bias=True)
    (1): ReLU()
    (2): Linear(in_features=16, out_features=16, bias=True)
    (3): ReLU()
    (4): Linear(in_features=16, out_features=16, bias=True)
    (5): ReLU()
    (6): Linear(in_features=16, out_features=16, bias=True)
    (7): ReLU()
  )
)]
distribution of experts advice after seeing 0 samples: [0.19934368 0.19895846 0.19897847 0.19891556 0.00487455 0.19892927]
distribution of experts advice after seeing 100 samples: [0.19560652 0.19763796 0.20496442 0.20430507 0.         0.19748603]
distribution of experts advice after seeing 200 samples: [0.18465015 0.20367181 0.21139832 0.20707384 0.         0.19320587]
distribution of experts advice after seeing 300 samples: [0.17548965 0.20802995 0.21583962 0.20915892 0.         0.19148186]
distribution of experts advice after seeing 400 samples: [0.16944619 0.21545725 0.22004987 0.21000385 0.         0.18504284]
distribution of experts advice after seeing 500 samples: [0.16184305 0.21759585 0.22215473 0.21457897 0.         0.1838274 ]
distribution of experts advice after seeing 600 samples: [0.15585312 0.22366355 0.22750585 0.21236408 0.         0.18061341]
distribution of experts advice after seeing 700 samples: [0.15275785 0.22777292 0.22854375 0.21289599 0.         0.17802948]
distribution of experts advice after seeing 800 samples: [0.14623184 0.23280372 0.23195585 0.21374936 0.         0.17525923]
distribution of experts advice after seeing 900 samples: [0.13909179 0.24320594 0.23713935 0.21254277 0.         0.16802015]
distribution of experts advice after seeing 1000 samples: [0.13202886 0.24489351 0.23822398 0.21684806 0.         0.16800559]
distribution of experts advice after seeing 1100 samples: [0.12812661 0.25829255 0.24088031 0.21231782 0.         0.16038271]
distribution of experts advice after seeing 1200 samples: [0.11878405 0.27109069 0.24235777 0.21294154 0.         0.15482595]
distribution of experts advice after seeing 1300 samples: [0.11355849 0.28615322 0.24215444 0.21070836 0.         0.14742549]
distribution of experts advice after seeing 1400 samples: [0.10645502 0.28707875 0.24732278 0.21454889 0.         0.14459455]
distribution of experts advice after seeing 1500 samples: [0.10186228 0.28931319 0.24983062 0.21635731 0.         0.1426366 ]
distribution of experts advice after seeing 1600 samples: [0.09400201 0.2965262  0.25093733 0.2187248  0.         0.13980966]
distribution of experts advice after seeing 1700 samples: [0.08782602 0.30245391 0.25578301 0.21900316 0.         0.1349339 ]
distribution of experts advice after seeing 1800 samples: [0.07988728 0.31056197 0.2586076  0.2251756  0.         0.12576755]
distribution of experts advice after seeing 1900 samples: [0.07645881 0.31459752 0.26012084 0.22545681 0.         0.12336601]
distribution of experts advice after seeing 2000 samples: [0.07096584 0.32876368 0.2582314  0.22387611 0.         0.11816298]
distribution of experts advice after seeing 2100 samples: [0.06573262 0.3351583  0.25936341 0.2255549  0.         0.11419078]
distribution of experts advice after seeing 2200 samples: [0.05970331 0.33797548 0.26188437 0.22970677 0.         0.11073007]
distribution of experts advice after seeing 2300 samples: [0.05694318 0.34340697 0.26283271 0.22538703 0.         0.11143011]
distribution of experts advice after seeing 2400 samples: [0.0526707  0.35419962 0.27091452 0.21735079 0.         0.10486438]
distribution of experts advice after seeing 2500 samples: [0.04838224 0.35036813 0.27444956 0.22342348 0.         0.10337659]
distribution of experts advice after seeing 2600 samples: [0.04601927 0.35403917 0.27625505 0.22256886 0.         0.10111765]
distribution of experts advice after seeing 2700 samples: [0.044626   0.36017216 0.27715061 0.22105894 0.         0.0969923 ]
distribution of experts advice after seeing 2800 samples: [0.04115735 0.36545802 0.2789087  0.22135832 0.         0.0931176 ]
distribution of experts advice after seeing 2900 samples: [0.03866615 0.36872295 0.2796696  0.22294905 0.         0.08999225]
distribution of experts advice after seeing 3000 samples: [0.03576418 0.37454694 0.28061271 0.22394623 0.         0.08512993]
distribution of experts advice after seeing 3100 samples: [0.03461626 0.37890723 0.27875413 0.22307725 0.         0.08464513]
distribution of experts advice after seeing 3200 samples: [0.03249835 0.37756767 0.28203661 0.22608595 0.         0.08181141]
distribution of experts advice after seeing 3300 samples: [0.03191367 0.38706306 0.27638688 0.22369867 0.         0.08093773]
distribution of experts advice after seeing 3400 samples: [0.03008201 0.38960255 0.27772503 0.22416934 0.         0.07842108]
distribution of experts advice after seeing 3500 samples: [0.02799655 0.39363778 0.27946806 0.22390706 0.         0.07499054]
distribution of experts advice after seeing 3600 samples: [0.02703304 0.38834229 0.28090794 0.22901677 0.         0.07469997]
after iterating same training data--experts advice acc on same eval data: 0.65
