{'task_type': 'classification', 'experts': {'expert': {'in_features': 57, 'hidden_size': 16}, 'epoch': 2, 'lr': 0.02}, 'num_experts': 6, 'output_dir': 'spambase_outputs', 'experts_advice': {'type': 'fixshare', 'alpha': 0.1, 'lr': 0.02}}
epoch 0, expert with 1 num_layers, eval acc 0.6065
epoch 1, expert with 1 num_layers, eval acc 0.6065
epoch 0, expert with 2 num_layers, eval acc 0.6054
epoch 1, expert with 2 num_layers, eval acc 0.6076
epoch 0, expert with 3 num_layers, eval acc 0.6065
epoch 1, expert with 3 num_layers, eval acc 0.6065
epoch 0, expert with 4 num_layers, eval acc 0.6033
epoch 1, expert with 4 num_layers, eval acc 0.6
epoch 0, expert with 5 num_layers, eval acc 0.6043
epoch 1, expert with 5 num_layers, eval acc 0.6076
epoch 0, expert with 6 num_layers, eval acc 0.6239
epoch 1, expert with 6 num_layers, eval acc 0.6087
==========================================================
[Expert(
  (input_layer): Sequential(
    (0): Linear(in_features=57, out_features=1, bias=True)
    (1): ReLU()
  )
  (output_layer): Identity()
  (layers): ModuleList()
), Expert(
  (input_layer): Sequential(
    (0): Linear(in_features=57, out_features=16, bias=True)
    (1): ReLU()
  )
  (output_layer): Linear(in_features=16, out_features=1, bias=True)
  (layers): ModuleList()
), Expert(
  (input_layer): Sequential(
    (0): Linear(in_features=57, out_features=16, bias=True)
    (1): ReLU()
  )
  (output_layer): Linear(in_features=16, out_features=1, bias=True)
  (layers): ModuleList(
    (0): Linear(in_features=16, out_features=16, bias=True)
    (1): ReLU()
  )
), Expert(
  (input_layer): Sequential(
    (0): Linear(in_features=57, out_features=16, bias=True)
    (1): ReLU()
  )
  (output_layer): Linear(in_features=16, out_features=1, bias=True)
  (layers): ModuleList(
    (0): Linear(in_features=16, out_features=16, bias=True)
    (1): ReLU()
    (2): Linear(in_features=16, out_features=16, bias=True)
    (3): ReLU()
  )
), Expert(
  (input_layer): Sequential(
    (0): Linear(in_features=57, out_features=16, bias=True)
    (1): ReLU()
  )
  (output_layer): Linear(in_features=16, out_features=1, bias=True)
  (layers): ModuleList(
    (0): Linear(in_features=16, out_features=16, bias=True)
    (1): ReLU()
    (2): Linear(in_features=16, out_features=16, bias=True)
    (3): ReLU()
    (4): Linear(in_features=16, out_features=16, bias=True)
    (5): ReLU()
  )
), Expert(
  (input_layer): Sequential(
    (0): Linear(in_features=57, out_features=16, bias=True)
    (1): ReLU()
  )
  (output_layer): Linear(in_features=16, out_features=1, bias=True)
  (layers): ModuleList(
    (0): Linear(in_features=16, out_features=16, bias=True)
    (1): ReLU()
    (2): Linear(in_features=16, out_features=16, bias=True)
    (3): ReLU()
    (4): Linear(in_features=16, out_features=16, bias=True)
    (5): ReLU()
    (6): Linear(in_features=16, out_features=16, bias=True)
    (7): ReLU()
  )
)]
distribution of experts advice after seeing 0 samples: [0.16709141 0.16654656 0.16659521 0.16657658 0.16658971 0.16660054]
distribution of experts advice after seeing 100 samples: [0.16636027 0.16673276 0.16675198 0.16662336 0.16677107 0.16676056]
distribution of experts advice after seeing 200 samples: [0.16588968 0.16673721 0.16685235 0.1668066  0.16684803 0.16686613]
distribution of experts advice after seeing 300 samples: [0.16514249 0.16703019 0.1668841  0.16699578 0.16710231 0.16684513]
distribution of experts advice after seeing 400 samples: [0.1657497  0.16665602 0.16683037 0.16684545 0.1669923  0.16692616]
distribution of experts advice after seeing 500 samples: [0.16491428 0.1668196  0.16711147 0.16700292 0.16706634 0.16708538]
distribution of experts advice after seeing 600 samples: [0.16610854 0.16688003 0.16690291 0.16711454 0.1668693  0.16612468]
distribution of experts advice after seeing 700 samples: [0.16623084 0.16599044 0.16677833 0.16660351 0.16712541 0.16727148]
distribution of experts advice after seeing 800 samples: [0.16645455 0.16657406 0.16687201 0.16630347 0.16683676 0.16695915]
distribution of experts advice after seeing 900 samples: [0.16607989 0.16677392 0.1668064  0.16674368 0.16679344 0.16680268]
distribution of experts advice after seeing 1000 samples: [0.16694122 0.1666231  0.16667429 0.16663636 0.16640649 0.16671854]
distribution of experts advice after seeing 1100 samples: [0.16811752 0.16383114 0.1670337  0.16648033 0.16685141 0.1676859 ]
distribution of experts advice after seeing 1200 samples: [0.1662313  0.1667219  0.16675869 0.1667588  0.16675957 0.16676974]
distribution of experts advice after seeing 1300 samples: [0.16621684 0.16662651 0.16682972 0.16678411 0.16675306 0.16678977]
distribution of experts advice after seeing 1400 samples: [0.16574572 0.16686543 0.16680642 0.1668239  0.16695796 0.16680057]
distribution of experts advice after seeing 1500 samples: [0.16710067 0.16652405 0.16660153 0.16657217 0.16659262 0.16660896]
distribution of experts advice after seeing 1600 samples: [0.16526201 0.16697691 0.16688138 0.16679279 0.16698359 0.16710332]
distribution of experts advice after seeing 1700 samples: [0.16536386 0.16652605 0.1667415  0.1671112  0.16675434 0.16750304]
distribution of experts advice after seeing 1800 samples: [0.16457297 0.16693995 0.16714568 0.1671589  0.16714719 0.1670353 ]
distribution of experts advice after seeing 1900 samples: [0.16585781 0.16676435 0.16684503 0.1668454  0.16682366 0.16686376]
distribution of experts advice after seeing 2000 samples: [0.17789208 0.1767998  0.17736827 0.17730385 0.11314476 0.17749124]
distribution of experts advice after seeing 2100 samples: [0.1663717  0.16664446 0.1666867  0.16674777 0.16671114 0.16683823]
distribution of experts advice after seeing 2200 samples: [0.16448147 0.16705181 0.16730317 0.16697236 0.16698902 0.16720217]
distribution of experts advice after seeing 2300 samples: [0.16552225 0.16691929 0.16693554 0.16675083 0.16690587 0.16696622]
distribution of experts advice after seeing 2400 samples: [0.16483824 0.16675084 0.16744078 0.16736315 0.1667022  0.16690478]
distribution of experts advice after seeing 2500 samples: [0.16522424 0.16696214 0.16693089 0.16693947 0.16696284 0.16698043]
distribution of experts advice after seeing 2600 samples: [0.16671173 0.1666171  0.16687901 0.16601668 0.16669335 0.16708213]
distribution of experts advice after seeing 2700 samples: [0.16659107 0.16637725 0.16669621 0.16661847 0.16701846 0.16669854]
distribution of experts advice after seeing 2800 samples: [0.1657808  0.16670495 0.16681382 0.16689792 0.16683485 0.16696766]
distribution of experts advice after seeing 2900 samples: [0.1662238  0.16667466 0.16694551 0.16643369 0.16674724 0.1669751 ]
distribution of experts advice after seeing 3000 samples: [0.16655853 0.16660695 0.16672863 0.16666049 0.16669716 0.16674823]
distribution of experts advice after seeing 3100 samples: [0.16651686 0.16676537 0.16661558 0.16673484 0.16646683 0.16690051]
distribution of experts advice after seeing 3200 samples: [0.16553916 0.1669382  0.16686643 0.16689129 0.1668666  0.16689832]
distribution of experts advice after seeing 3300 samples: [0.1676688  0.16634702 0.16653376 0.16642224 0.16648428 0.1665439 ]
distribution of experts advice after seeing 3400 samples: [0.16525908 0.16643195 0.16735967 0.16631673 0.16698423 0.16764833]
distribution of experts advice after seeing 3500 samples: [0.16557746 0.1671973  0.16706294 0.16705855 0.16710115 0.1660026 ]
distribution of experts advice after seeing 3600 samples: [0.16650102 0.16663347 0.16678614 0.16661038 0.16679714 0.16667186]
after iterating same training data--experts advice acc on same eval data: 0.6087
